<?xml version="1.0" encoding="UTF-8"?>
<testng-results ignored="0" total="1" passed="1" failed="0" skipped="0">
  <reporter-output>
  </reporter-output>
  <suite started-at="2023-05-30T20:52:17 IST" name="Default suite" finished-at="2023-05-30T20:53:56 IST" duration-ms="98473">
    <groups>
    </groups>
    <test started-at="2023-05-30T20:52:17 IST" name="Default test" finished-at="2023-05-30T20:53:56 IST" duration-ms="98473">
      <class name="testscripts.AddphythonToCartTest">
        <test-method is-config="true" signature="classConfig()[pri:0, instance:testscripts.AddphythonToCartTest@708f5957]" started-at="2023-05-30T20:52:17 IST" name="classConfig" finished-at="2023-05-30T20:52:18 IST" duration-ms="857" status="PASS">
          <reporter-output>
          </reporter-output>
        </test-method> <!-- classConfig -->
        <test-method is-config="true" signature="methodConfig()[pri:0, instance:testscripts.AddphythonToCartTest@708f5957]" started-at="2023-05-30T20:52:18 IST" name="methodConfig" finished-at="2023-05-30T20:52:35 IST" duration-ms="16722" status="PASS">
          <reporter-output>
          </reporter-output>
        </test-method> <!-- methodConfig -->
        <test-method signature="addPythonToCart()[pri:0, instance:testscripts.AddphythonToCartTest@708f5957]" started-at="2023-05-30T20:52:35 IST" name="addPythonToCart" finished-at="2023-05-30T20:53:55 IST" duration-ms="80222" status="PASS">
          <reporter-output>
          </reporter-output>
        </test-method> <!-- addPythonToCart -->
        <test-method is-config="true" signature="MethodTearDown()[pri:0, instance:testscripts.AddphythonToCartTest@708f5957]" started-at="2023-05-30T20:53:55 IST" name="MethodTearDown" finished-at="2023-05-30T20:53:56 IST" duration-ms="614" status="PASS">
          <reporter-output>
          </reporter-output>
        </test-method> <!-- MethodTearDown -->
        <test-method is-config="true" signature="classTearDown()[pri:0, instance:testscripts.AddphythonToCartTest@708f5957]" started-at="2023-05-30T20:53:56 IST" name="classTearDown" finished-at="2023-05-30T20:53:56 IST" duration-ms="1" status="PASS">
          <reporter-output>
          </reporter-output>
        </test-method> <!-- classTearDown -->
      </class> <!-- testscripts.AddphythonToCartTest -->
    </test> <!-- Default test -->
  </suite> <!-- Default suite -->
</testng-results>
